<?xml version="1.0" encoding="UTF-8"?>
<!-- Generated by org.testng.reporters.JUnitReportReporter -->
<testsuite skipped="0" hostname="DESKTOP-TE937C4" name="TestCasesCapstoneFinal.TestcaseInvalid" tests="2" failures="0" timestamp="2023-06-21T13:52:52 IST" time="10.674" errors="0">
  <testcase name="callmethod" time="5.550" classname="TestCasesCapstoneFinal.TestcaseInvalid"/>
  <system-out/>
  <testcase name="callmethod" time="5.124" classname="TestCasesCapstoneFinal.TestcaseInvalid"/>
  <system-out/>
</testsuite> <!-- TestCasesCapstoneFinal.TestcaseInvalid -->
