<?xml version="1.0" encoding="UTF-8"?>
<!-- Generated by org.testng.reporters.JUnitReportReporter -->
<testsuite skipped="0" hostname="DESKTOP-TE937C4" name="TestCasesCapstoneFinal.TestCaseFour" tests="2" failures="0" timestamp="2023-06-21T13:51:06 IST" time="40.513" errors="0">
  <testcase name="scenarioDemo" time="29.137" classname="TestCasesCapstoneFinal.TestCaseFour"/>
  <system-out/>
  <testcase name="scenarioDemo" time="11.376" classname="TestCasesCapstoneFinal.TestCaseFour"/>
  <system-out/>
</testsuite> <!-- TestCasesCapstoneFinal.TestCaseFour -->
